<?xml version="1.0" encoding="UTF-8"?>
<!-- Generated by org.testng.reporters.JUnitReportReporter -->
<testsuite hostname="KRK1-LDL-P90139" failures="0" tests="1" name="example.example.tests.AkamaiTestNoResultsSearchTest" time="10.229" errors="0" timestamp="31 Jan 2023 11:51:44 GMT" skipped="0">
  <testcase classname="example.example.tests.AkamaiTestNoResultsSearchTest" name="akamaiSearchTest" time="10.229"/>
</testsuite> <!-- example.example.tests.AkamaiTestNoResultsSearchTest -->
